0 info it worked if it ends with ok
1 verbose cli [ '/usr/bin/nodejs',
1 verbose cli   '/usr/bin/npm',
1 verbose cli   'install',
1 verbose cli   'jade',
1 verbose cli   '--global' ]
2 info using npm@1.3.10
3 info using node@v0.10.21
4 verbose cache add [ 'jade', null ]
5 verbose cache add name=undefined spec="jade" args=["jade",null]
6 verbose parsed url { protocol: null,
6 verbose parsed url   slashes: null,
6 verbose parsed url   auth: null,
6 verbose parsed url   host: null,
6 verbose parsed url   port: null,
6 verbose parsed url   hostname: null,
6 verbose parsed url   hash: null,
6 verbose parsed url   search: null,
6 verbose parsed url   query: null,
6 verbose parsed url   pathname: 'jade',
6 verbose parsed url   path: 'jade',
6 verbose parsed url   href: 'jade' }
7 silly lockFile 5bd60fae-jade jade
8 verbose lock jade /home/mike/.npm/5bd60fae-jade.lock
9 silly lockFile 5bd60fae-jade jade
10 silly lockFile 5bd60fae-jade jade
11 verbose addNamed [ 'jade', '' ]
12 verbose addNamed [ null, '*' ]
13 silly lockFile 51d481b2-jade jade@
14 verbose lock jade@ /home/mike/.npm/51d481b2-jade.lock
15 silly addNameRange { name: 'jade', range: '*', hasData: false }
16 verbose url raw jade
17 verbose url resolving [ 'https://registry.npmjs.org/', './jade' ]
18 verbose url resolved https://registry.npmjs.org/jade
19 info trying registry request attempt 1 at 19:27:56
20 verbose etag "ES4MCCDPNRKMEZM28VTIL21QO"
21 http GET https://registry.npmjs.org/jade
22 http 304 https://registry.npmjs.org/jade
23 silly registry.get cb [ 304,
23 silly registry.get   { date: 'Mon, 05 Jan 2015 19:27:55 GMT',
23 silly registry.get     server: 'Apache',
23 silly registry.get     via: '1.1 varnish',
23 silly registry.get     'last-modified': 'Mon, 05 Jan 2015 19:27:56 GMT',
23 silly registry.get     'cache-control': 'max-age=60',
23 silly registry.get     etag: '"ES4MCCDPNRKMEZM28VTIL21QO"',
23 silly registry.get     age: '0',
23 silly registry.get     'x-served-by': 'cache-lcy1129-LCY',
23 silly registry.get     'x-cache': 'HIT',
23 silly registry.get     'x-cache-hits': '1',
23 silly registry.get     'x-timer': 'S1420486075.510209,VS0,VE613',
23 silly registry.get     vary: 'Accept',
23 silly registry.get     'content-length': '0',
23 silly registry.get     'keep-alive': 'timeout=10, max=50',
23 silly registry.get     connection: 'Keep-Alive' } ]
24 verbose etag jade from cache
25 silly addNameRange number 2 { name: 'jade', range: '*', hasData: true }
26 silly addNameRange versions [ 'jade',
26 silly addNameRange   [ '0.0.1',
26 silly addNameRange     '0.0.2',
26 silly addNameRange     '0.1.0',
26 silly addNameRange     '0.2.0',
26 silly addNameRange     '0.2.1',
26 silly addNameRange     '0.2.2',
26 silly addNameRange     '0.2.3',
26 silly addNameRange     '0.2.4',
26 silly addNameRange     '0.3.0',
26 silly addNameRange     '0.4.0',
26 silly addNameRange     '0.4.1',
26 silly addNameRange     '0.5.0',
26 silly addNameRange     '0.5.1',
26 silly addNameRange     '0.5.2',
26 silly addNameRange     '0.5.3',
26 silly addNameRange     '0.5.4',
26 silly addNameRange     '0.5.5',
26 silly addNameRange     '0.5.6',
26 silly addNameRange     '0.5.7',
26 silly addNameRange     '0.6.0',
26 silly addNameRange     '0.6.1',
26 silly addNameRange     '0.6.3',
26 silly addNameRange     '0.7.0',
26 silly addNameRange     '0.7.1',
26 silly addNameRange     '0.8.0',
26 silly addNameRange     '0.8.1',
26 silly addNameRange     '0.8.2',
26 silly addNameRange     '0.8.3',
26 silly addNameRange     '0.8.4',
26 silly addNameRange     '0.8.5',
26 silly addNameRange     '0.8.6',
26 silly addNameRange     '0.8.7',
26 silly addNameRange     '0.8.8',
26 silly addNameRange     '0.8.9',
26 silly addNameRange     '0.9.0',
26 silly addNameRange     '0.9.1',
26 silly addNameRange     '0.9.2',
26 silly addNameRange     '0.9.3',
26 silly addNameRange     '0.10.0',
26 silly addNameRange     '0.10.1',
26 silly addNameRange     '0.10.2',
26 silly addNameRange     '0.10.3',
26 silly addNameRange     '0.10.4',
26 silly addNameRange     '0.10.5',
26 silly addNameRange     '0.10.6',
26 silly addNameRange     '0.10.7',
26 silly addNameRange     '0.11.0',
26 silly addNameRange     '0.11.1',
26 silly addNameRange     '0.12.0',
26 silly addNameRange     '0.12.1',
26 silly addNameRange     '0.12.2',
26 silly addNameRange     '0.12.3',
26 silly addNameRange     '0.12.4',
26 silly addNameRange     '0.13.0',
26 silly addNameRange     '0.14.0',
26 silly addNameRange     '0.14.1',
26 silly addNameRange     '0.14.2',
26 silly addNameRange     '0.15.0',
26 silly addNameRange     '0.15.1',
26 silly addNameRange     '0.15.2',
26 silly addNameRange     '0.15.3',
26 silly addNameRange     '0.15.4',
26 silly addNameRange     '0.16.0',
26 silly addNameRange     '0.16.1',
26 silly addNameRange     '0.16.2',
26 silly addNameRange     '0.16.3',
26 silly addNameRange     '0.16.4',
26 silly addNameRange     '0.17.0',
26 silly addNameRange     '0.18.0',
26 silly addNameRange     '0.19.0',
26 silly addNameRange     '0.20.0',
26 silly addNameRange     '0.20.1',
26 silly addNameRange     '0.20.2',
26 silly addNameRange     '0.20.3',
26 silly addNameRange     '0.21.0',
26 silly addNameRange     '0.22.0',
26 silly addNameRange     '0.22.1',
26 silly addNameRange     '0.23.0',
26 silly addNameRange     '0.24.0',
26 silly addNameRange     '0.25.0',
26 silly addNameRange     '0.26.0',
26 silly addNameRange     '0.26.1',
26 silly addNameRange     '0.26.2',
26 silly addNameRange     '0.26.3',
26 silly addNameRange     '0.27.0',
26 silly addNameRange     '0.27.1',
26 silly addNameRange     '0.27.2',
26 silly addNameRange     '0.27.3',
26 silly addNameRange     '0.27.4',
26 silly addNameRange     '0.27.5',
26 silly addNameRange     '0.27.6',
26 silly addNameRange     '0.27.7',
26 silly addNameRange     '0.28.0',
26 silly addNameRange     '0.28.1',
26 silly addNameRange     '0.28.2',
26 silly addNameRange     '0.29.0',
26 silly addNameRange     '0.30.0',
26 silly addNameRange     '0.31.0',
26 silly addNameRange     '0.31.1',
26 silly addNameRange     '0.31.2',
26 silly addNameRange     '0.32.0',
26 silly addNameRange     '0.33.0',
26 silly addNameRange     '0.34.0',
26 silly addNameRange     '0.34.1',
26 silly addNameRange     '0.35.0',
26 silly addNameRange     '1.0.0',
26 silly addNameRange     '1.0.1',
26 silly addNameRange     '1.0.2',
26 silly addNameRange     '1.1.0',
26 silly addNameRange     '1.1.1',
26 silly addNameRange     '1.1.2',
26 silly addNameRange     '1.1.3',
26 silly addNameRange     '1.1.4',
26 silly addNameRange     '1.1.5',
26 silly addNameRange     '1.2.0',
26 silly addNameRange     '1.3.0',
26 silly addNameRange     '1.3.1',
26 silly addNameRange     '1.4.0',
26 silly addNameRange     '1.4.1',
26 silly addNameRange     '1.4.2',
26 silly addNameRange     '1.5.0',
26 silly addNameRange     '1.6.0',
26 silly addNameRange     '1.7.0',
26 silly addNameRange     '1.8.0',
26 silly addNameRange     '1.8.1',
26 silly addNameRange     '1.8.2' ] ]
27 verbose addNamed [ 'jade', '1.8.2' ]
28 verbose addNamed [ '1.8.2', '1.8.2' ]
29 silly lockFile c5c4fb28-jade-1-8-2 jade@1.8.2
30 verbose lock jade@1.8.2 /home/mike/.npm/c5c4fb28-jade-1-8-2.lock
31 silly lockFile 60de8c46-ry-npmjs-org-jade-jade-1-8-2-tgz https://registry.npmjs.org/jade/-/jade-1.8.2.tgz
32 verbose lock https://registry.npmjs.org/jade/-/jade-1.8.2.tgz /home/mike/.npm/60de8c46-ry-npmjs-org-jade-jade-1-8-2-tgz.lock
33 verbose addRemoteTarball [ 'https://registry.npmjs.org/jade/-/jade-1.8.2.tgz',
33 verbose addRemoteTarball   '0db3630b2cb8145f6bf144d760b56e6b0bbb0aa0' ]
34 info retry fetch attempt 1 at 19:27:57
35 verbose fetch to= /home/mike/tmp/npm-25460-yklAbEhd/1420486077103-0.17039072699844837/tmp.tgz
36 http GET https://registry.npmjs.org/jade/-/jade-1.8.2.tgz
37 http 200 https://registry.npmjs.org/jade/-/jade-1.8.2.tgz
38 verbose tar unpack /home/mike/tmp/npm-25460-yklAbEhd/1420486077103-0.17039072699844837/tmp.tgz
39 silly lockFile 9554b149-7103-0-17039072699844837-package tar:///home/mike/tmp/npm-25460-yklAbEhd/1420486077103-0.17039072699844837/package
40 verbose lock tar:///home/mike/tmp/npm-25460-yklAbEhd/1420486077103-0.17039072699844837/package /home/mike/.npm/9554b149-7103-0-17039072699844837-package.lock
41 silly lockFile 278b030d-7103-0-17039072699844837-tmp-tgz tar:///home/mike/tmp/npm-25460-yklAbEhd/1420486077103-0.17039072699844837/tmp.tgz
42 verbose lock tar:///home/mike/tmp/npm-25460-yklAbEhd/1420486077103-0.17039072699844837/tmp.tgz /home/mike/.npm/278b030d-7103-0-17039072699844837-tmp-tgz.lock
43 silly gunzTarPerm modes [ '755', '644' ]
44 silly gunzTarPerm extractEntry package.json
45 silly gunzTarPerm extractEntry .npmignore
46 silly gunzTarPerm extractEntry README.md
47 silly gunzTarPerm extractEntry LICENSE
48 silly gunzTarPerm extractEntry release.js
49 silly gunzTarPerm extractEntry jade.js
50 silly gunzTarPerm extractEntry runtime.js
51 silly gunzTarPerm extractEntry .release.json
52 silly gunzTarPerm extractEntry component.json
53 silly gunzTarPerm extractEntry lib/compiler.js
54 silly gunzTarPerm extractEntry lib/filters-client.js
55 silly gunzTarPerm extractEntry lib/filters.js
56 silly gunzTarPerm extractEntry lib/index.js
57 silly gunzTarPerm extractEntry lib/doctypes.js
58 silly gunzTarPerm extractEntry lib/lexer.js
59 silly gunzTarPerm extractEntry lib/runtime.js
60 silly gunzTarPerm extractEntry lib/parser.js
61 silly gunzTarPerm extractEntry lib/utils.js
62 silly gunzTarPerm extractEntry lib/inline-tags.js
63 silly gunzTarPerm extractEntry lib/nodes/attrs.js
64 silly gunzTarPerm extractEntry lib/nodes/code.js
65 silly gunzTarPerm extractEntry lib/nodes/comment.js
66 silly gunzTarPerm extractEntry lib/nodes/doctype.js
67 silly gunzTarPerm extractEntry lib/nodes/each.js
68 silly gunzTarPerm extractEntry lib/nodes/case.js
69 silly gunzTarPerm extractEntry lib/nodes/index.js
70 silly gunzTarPerm extractEntry lib/nodes/literal.js
71 silly gunzTarPerm extractEntry lib/nodes/mixin-block.js
72 silly gunzTarPerm extractEntry lib/nodes/mixin.js
73 silly gunzTarPerm extractEntry lib/nodes/node.js
74 silly gunzTarPerm extractEntry lib/nodes/block.js
75 silly gunzTarPerm extractEntry lib/nodes/tag.js
76 silly gunzTarPerm extractEntry lib/nodes/block-comment.js
77 silly gunzTarPerm extractEntry lib/nodes/text.js
78 silly gunzTarPerm extractEntry lib/nodes/filter.js
79 silly gunzTarPerm extractEntry bin/jade.js
80 silly gunzTarPerm extractEntry Readme_zh-cn.md
81 silly lockFile 9554b149-7103-0-17039072699844837-package tar:///home/mike/tmp/npm-25460-yklAbEhd/1420486077103-0.17039072699844837/package
82 silly lockFile 9554b149-7103-0-17039072699844837-package tar:///home/mike/tmp/npm-25460-yklAbEhd/1420486077103-0.17039072699844837/package
83 silly lockFile 278b030d-7103-0-17039072699844837-tmp-tgz tar:///home/mike/tmp/npm-25460-yklAbEhd/1420486077103-0.17039072699844837/tmp.tgz
84 silly lockFile 278b030d-7103-0-17039072699844837-tmp-tgz tar:///home/mike/tmp/npm-25460-yklAbEhd/1420486077103-0.17039072699844837/tmp.tgz
85 verbose tar pack [ '/home/mike/.npm/jade/1.8.2/package.tgz',
85 verbose tar pack   '/home/mike/tmp/npm-25460-yklAbEhd/1420486077103-0.17039072699844837/package' ]
86 verbose tarball /home/mike/.npm/jade/1.8.2/package.tgz
87 verbose folder /home/mike/tmp/npm-25460-yklAbEhd/1420486077103-0.17039072699844837/package
88 silly lockFile 9554b149-7103-0-17039072699844837-package tar:///home/mike/tmp/npm-25460-yklAbEhd/1420486077103-0.17039072699844837/package
89 verbose lock tar:///home/mike/tmp/npm-25460-yklAbEhd/1420486077103-0.17039072699844837/package /home/mike/.npm/9554b149-7103-0-17039072699844837-package.lock
90 silly lockFile 015b6b74--mike-npm-jade-1-8-2-package-tgz tar:///home/mike/.npm/jade/1.8.2/package.tgz
91 verbose lock tar:///home/mike/.npm/jade/1.8.2/package.tgz /home/mike/.npm/015b6b74--mike-npm-jade-1-8-2-package-tgz.lock
92 silly lockFile 9554b149-7103-0-17039072699844837-package tar:///home/mike/tmp/npm-25460-yklAbEhd/1420486077103-0.17039072699844837/package
93 silly lockFile 9554b149-7103-0-17039072699844837-package tar:///home/mike/tmp/npm-25460-yklAbEhd/1420486077103-0.17039072699844837/package
94 silly lockFile 015b6b74--mike-npm-jade-1-8-2-package-tgz tar:///home/mike/.npm/jade/1.8.2/package.tgz
95 silly lockFile 015b6b74--mike-npm-jade-1-8-2-package-tgz tar:///home/mike/.npm/jade/1.8.2/package.tgz
96 silly lockFile 6fdd8c52-home-mike-npm-jade-1-8-2-package /home/mike/.npm/jade/1.8.2/package
97 verbose lock /home/mike/.npm/jade/1.8.2/package /home/mike/.npm/6fdd8c52-home-mike-npm-jade-1-8-2-package.lock
98 silly lockFile 6fdd8c52-home-mike-npm-jade-1-8-2-package /home/mike/.npm/jade/1.8.2/package
99 silly lockFile 6fdd8c52-home-mike-npm-jade-1-8-2-package /home/mike/.npm/jade/1.8.2/package
100 verbose tar unpack /home/mike/.npm/jade/1.8.2/package.tgz
101 silly lockFile b01d98f0-home-mike-npm-jade-1-8-2-package tar:///home/mike/.npm/jade/1.8.2/package
102 verbose lock tar:///home/mike/.npm/jade/1.8.2/package /home/mike/.npm/b01d98f0-home-mike-npm-jade-1-8-2-package.lock
103 silly lockFile 015b6b74--mike-npm-jade-1-8-2-package-tgz tar:///home/mike/.npm/jade/1.8.2/package.tgz
104 verbose lock tar:///home/mike/.npm/jade/1.8.2/package.tgz /home/mike/.npm/015b6b74--mike-npm-jade-1-8-2-package-tgz.lock
105 silly gunzTarPerm modes [ '755', '644' ]
106 silly gunzTarPerm extractEntry package.json
107 silly gunzTarPerm extractEntry .npmignore
108 silly gunzTarPerm extractEntry README.md
109 silly gunzTarPerm extractEntry LICENSE
110 silly gunzTarPerm extractEntry release.js
111 silly gunzTarPerm extractEntry jade.js
112 silly gunzTarPerm extractEntry runtime.js
113 silly gunzTarPerm extractEntry .release.json
114 silly gunzTarPerm extractEntry lib/compiler.js
115 silly gunzTarPerm extractEntry lib/filters-client.js
116 silly gunzTarPerm extractEntry lib/filters.js
117 silly gunzTarPerm extractEntry lib/index.js
118 silly gunzTarPerm extractEntry lib/doctypes.js
119 silly gunzTarPerm extractEntry lib/lexer.js
120 silly gunzTarPerm extractEntry lib/runtime.js
121 silly gunzTarPerm extractEntry lib/parser.js
122 silly gunzTarPerm extractEntry lib/utils.js
123 silly gunzTarPerm extractEntry lib/inline-tags.js
124 silly gunzTarPerm extractEntry lib/nodes/attrs.js
125 silly gunzTarPerm extractEntry lib/nodes/code.js
126 silly gunzTarPerm extractEntry lib/nodes/comment.js
127 silly gunzTarPerm extractEntry lib/nodes/doctype.js
128 silly gunzTarPerm extractEntry lib/nodes/each.js
129 silly gunzTarPerm extractEntry lib/nodes/case.js
130 silly gunzTarPerm extractEntry lib/nodes/index.js
131 silly gunzTarPerm extractEntry lib/nodes/literal.js
132 silly gunzTarPerm extractEntry lib/nodes/mixin-block.js
133 silly gunzTarPerm extractEntry lib/nodes/mixin.js
134 silly gunzTarPerm extractEntry lib/nodes/node.js
135 silly gunzTarPerm extractEntry lib/nodes/block.js
136 silly gunzTarPerm extractEntry lib/nodes/tag.js
137 silly gunzTarPerm extractEntry lib/nodes/block-comment.js
138 silly gunzTarPerm extractEntry lib/nodes/text.js
139 silly gunzTarPerm extractEntry lib/nodes/filter.js
140 silly gunzTarPerm extractEntry bin/jade.js
141 silly gunzTarPerm extractEntry Readme_zh-cn.md
142 silly gunzTarPerm extractEntry component.json
143 silly lockFile b01d98f0-home-mike-npm-jade-1-8-2-package tar:///home/mike/.npm/jade/1.8.2/package
144 silly lockFile b01d98f0-home-mike-npm-jade-1-8-2-package tar:///home/mike/.npm/jade/1.8.2/package
145 silly lockFile 015b6b74--mike-npm-jade-1-8-2-package-tgz tar:///home/mike/.npm/jade/1.8.2/package.tgz
146 silly lockFile 015b6b74--mike-npm-jade-1-8-2-package-tgz tar:///home/mike/.npm/jade/1.8.2/package.tgz
147 verbose chmod /home/mike/.npm/jade/1.8.2/package.tgz 644
148 verbose chown /home/mike/.npm/jade/1.8.2/package.tgz [ 1000, 1000 ]
149 silly lockFile 60de8c46-ry-npmjs-org-jade-jade-1-8-2-tgz https://registry.npmjs.org/jade/-/jade-1.8.2.tgz
150 silly lockFile 60de8c46-ry-npmjs-org-jade-jade-1-8-2-tgz https://registry.npmjs.org/jade/-/jade-1.8.2.tgz
151 silly lockFile c5c4fb28-jade-1-8-2 jade@1.8.2
152 silly lockFile c5c4fb28-jade-1-8-2 jade@1.8.2
153 silly lockFile 51d481b2-jade jade@
154 silly lockFile 51d481b2-jade jade@
155 silly resolved [ { name: 'jade',
155 silly resolved     description: 'A clean, whitespace-sensitive template language for writing HTML',
155 silly resolved     version: '1.8.2',
155 silly resolved     author: { name: 'TJ Holowaychuk', email: 'tj@vision-media.ca' },
155 silly resolved     maintainers:
155 silly resolved      [ [Object],
155 silly resolved        [Object],
155 silly resolved        [Object],
155 silly resolved        [Object],
155 silly resolved        [Object],
155 silly resolved        [Object],
155 silly resolved        [Object] ],
155 silly resolved     license: 'MIT',
155 silly resolved     repository: { type: 'git', url: 'git://github.com/jadejs/jade' },
155 silly resolved     main: 'lib',
155 silly resolved     bin: { jade: './bin/jade.js' },
155 silly resolved     dependencies:
155 silly resolved      { 'character-parser': '1.2.1',
155 silly resolved        commander: '~2.5.0',
155 silly resolved        constantinople: '~3.0.1',
155 silly resolved        mkdirp: '~0.5.0',
155 silly resolved        transformers: '2.1.0',
155 silly resolved        'void-elements': '~1.0.0',
155 silly resolved        with: '~4.0.0' },
155 silly resolved     devDependencies:
155 silly resolved      { 'coffee-script': '*',
155 silly resolved        mocha: '*',
155 silly resolved        istanbul: '*',
155 silly resolved        markdown: '*',
155 silly resolved        stylus: '*',
155 silly resolved        should: '*',
155 silly resolved        less: '<2.0.0',
155 silly resolved        'uglify-js': '*',
155 silly resolved        browserify: '*',
155 silly resolved        linify: '*',
155 silly resolved        'less-file': '0.0.9',
155 silly resolved        express: '~4.10.4',
155 silly resolved        'browserify-middleware': '~4.1.0',
155 silly resolved        twbs: '0.0.6',
155 silly resolved        'highlight-codemirror': '~4.1.0',
155 silly resolved        inconsolata: '0.0.2',
155 silly resolved        'jade-code-mirror': '~1.0.5',
155 silly resolved        'code-mirror': '~3.22.0',
155 silly resolved        handle: '~1.0.0',
155 silly resolved        'jade-highlighter': '~1.0.5',
155 silly resolved        marked: '~0.3.2',
155 silly resolved        stop: '^3.0.0-rc1',
155 silly resolved        opener: '^1.3.0',
155 silly resolved        'github-basic': '^4.1.2',
155 silly resolved        'pull-request': '^3.0.0',
155 silly resolved        lsr: '^1.0.0',
155 silly resolved        rimraf: '^2.2.8' },
155 silly resolved     component: { scripts: [Object] },
155 silly resolved     scripts:
155 silly resolved      { test: 'mocha -R spec && npm run coverage',
155 silly resolved        coverage: 'istanbul cover node_modules/mocha/bin/_mocha',
155 silly resolved        prepublish: 'npm prune && linify transform bin && npm run build',
155 silly resolved        build: 'npm run compile',
155 silly resolved        compile: 'npm run compile-full && npm run compile-runtime',
155 silly resolved        'compile-full': 'browserify ./lib/index.js --standalone jade -x ./node_modules/transformers > jade.js',
155 silly resolved        'compile-runtime': 'browserify ./lib/runtime.js --standalone jade > runtime.js' },
155 silly resolved     browser: { fs: false, './lib/filters.js': './lib/filters-client.js' },
155 silly resolved     homepage: 'http://jade-lang.com',
155 silly resolved     readme: '# [![Jade - template engine ](http://i.imgur.com/5zf2aVt.png)](http://jade-lang.com/)\n\nFull documentation is at [jade-lang.com](http://jade-lang.com/)\n\n Jade is a high performance template engine heavily influenced by [Haml](http://haml-lang.com)\n and implemented with JavaScript for [node](http://nodejs.org) and browsers. For bug reports,\n feature requests and questions, [open an issue](https://github.com/jadejs/jade/issues/new).\n For discussion join the [chat room](https://gitter.im/jadejs/jade).\n\n You can test drive Jade online [here](http://naltatis.github.com/jade-syntax-docs).\n\n [![Build Status](https://img.shields.io/travis/jadejs/jade/master.svg)](https://travis-ci.org/jadejs/jade)\n [![Dependency Status](https://img.shields.io/gemnasium/jadejs/jade.svg)](https://gemnasium.com/jadejs/jade)\n [![NPM version](https://img.shields.io/npm/v/jade.svg)](http://badge.fury.io/js/jade)\n [![Gitter](https://badges.gitter.im/Join Chat.svg)](https://gitter.im/jadejs/jade?utm_source=badge&utm_medium=badge&utm_campaign=pr-badge&utm_content=badge)\n\n## Installation\n\nvia npm:\n\n```bash\n$ npm install jade\n```\n\n## Syntax\n\nJade is a clean, whitespace sensitive syntax for writing html.  Here is a simple example:\n\n```jade\ndoctype html\nhtml(lang="en")\n  head\n    title= pageTitle\n    script(type=\'text/javascript\').\n      if (foo) bar(1 + 5)\n  body\n    h1 Jade - node template engine\n    #container.col\n      if youAreUsingJade\n        p You are amazing\n      else\n        p Get on it!\n      p.\n        Jade is a terse and simple templating language with a\n        strong focus on performance and powerful features.\n```\n\nbecomes\n\n\n```html\n<!DOCTYPE html>\n<html lang="en">\n  <head>\n    <title>Jade</title>\n    <script type="text/javascript">\n      if (foo) bar(1 + 5)\n    </script>\n  </head>\n  <body>\n    <h1>Jade - node template engine</h1>\n    <div id="container" class="col">\n      <p>You are amazing</p>\n      <p>Jade is a terse and simple templating language with a strong focus on performance and powerful features.</p>\n    </div>\n  </body>\n</html>\n```\n\nThe official [jade tutorial](http://jade-lang.com/tutorial/) is a great place to start.  While that (and the syntax documentation) is being finished, you can view some of the old documentation [here](https://github.com/jadejs/jade/blob/master/jade.md) and [here](https://github.com/jadejs/jade/blob/master/jade-language.md)\n\n## API\n\nFor full API, see [jade-lang.com/api](http://jade-lang.com/api/)\n\n```js\nvar jade = require(\'jade\');\n\n// compile\nvar fn = jade.compile(\'string of jade\', options);\nvar html = fn(locals);\n\n// render\nvar html = jade.render(\'string of jade\', merge(options, locals));\n\n// renderFile\nvar html = jade.renderFile(\'filename.jade\', merge(options, locals));\n```\n\n### Options\n\n - `filename`  Used in exceptions, and required when using includes\n - `compileDebug`  When `false` no debug instrumentation is compiled\n - `pretty`    Add pretty-indentation whitespace to output _(false by default)_\n\n## Browser Support\n\n The latest version of jade can be download for the browser in standalone form from [here](https://github.com/jadejs/jade/raw/master/jade.js).  It only supports the very latest browsers though, and is a large file.  It is recommended that you pre-compile your jade templates to JavaScript and then just use the [runtime.js](https://github.com/jadejs/jade/raw/master/runtime.js) library on the client.\n\n To compile a template for use on the client using the command line, do:\n\n```console\n$ jade --client --no-debug filename.jade\n```\n\nwhich will produce `filename.js` containing the compiled template.\n\n## Command Line\n\nAfter installing the latest version of [node](http://nodejs.org/), install with:\n\n```console\n$ npm install jade -g\n```\n\nand run with\n\n```console\n$ jade --help\n```\n\n## Additional Resources\n\nTutorials:\n\n  - cssdeck interactive [Jade syntax tutorial](http://cssdeck.com/labs/learning-the-jade-templating-engine-syntax)\n  - cssdeck interactive [Jade logic tutorial](http://cssdeck.com/labs/jade-templating-tutorial-codecast-part-2)\n  - [Jade について。](https://gist.github.com/japboy/5402844) (A Japanese Tutorial)\n  - [Jade - 模板引擎](https://github.com/jadejs/jade/blob/master/Readme_zh-cn.md)\n\nImplementations in other languages:\n\n  - [php](http://github.com/everzet/jade.php)\n  - [scala](http://scalate.fusesource.org/versions/snapshot/documentation/scaml-reference.html)\n  - [ruby](https://github.com/slim-template/slim)\n  - [python](https://github.com/SyrusAkbary/pyjade)\n  - [java](https://github.com/neuland/jade4j)\n\nOther:\n\n  - [Emacs Mode](https://github.com/brianc/jade-mode)\n  - [Vim Syntax](https://github.com/digitaltoad/vim-jade)\n  - [TextMate Bundle](http://github.com/miksago/jade-tmbundle)\n  - [Coda/SubEtha syntax Mode](https://github.com/aaronmccall/jade.mode)\n  - [Screencasts](http://tjholowaychuk.com/post/1004255394/jade-screencast-template-engine-for-nodejs)\n  - [html2jade](https://github.com/donpark/html2jade) converter\n  - [Jade Server](https://github.com/ded/jade-server)  Ideal for building local prototypes apart from any application\n\n## License\n\nMIT\n',
155 silly resolved     readmeFilename: 'README.md',
155 silly resolved     bugs: { url: 'https://github.com/jadejs/jade/issues' },
155 silly resolved     _id: 'jade@1.8.2',
155 silly resolved     dist: { shasum: '68f4a05491673c0c070e2229010e26733129060c' },
155 silly resolved     _from: 'jade@',
155 silly resolved     _resolved: 'https://registry.npmjs.org/jade/-/jade-1.8.2.tgz' } ]
156 info install jade@1.8.2 into /usr/local/lib
157 info installOne jade@1.8.2
158 info /usr/local/lib/node_modules/jade unbuild
159 verbose tar unpack /home/mike/.npm/jade/1.8.2/package.tgz
160 silly lockFile 537c17f0--usr-local-lib-node-modules-jade tar:///usr/local/lib/node_modules/jade
161 verbose lock tar:///usr/local/lib/node_modules/jade /home/mike/.npm/537c17f0--usr-local-lib-node-modules-jade.lock
162 silly lockFile 015b6b74--mike-npm-jade-1-8-2-package-tgz tar:///home/mike/.npm/jade/1.8.2/package.tgz
163 verbose lock tar:///home/mike/.npm/jade/1.8.2/package.tgz /home/mike/.npm/015b6b74--mike-npm-jade-1-8-2-package-tgz.lock
164 silly gunzTarPerm modes [ '755', '644' ]
165 error Error: EACCES, mkdir '/usr/local/lib/node_modules/jade'
165 error  { [Error: EACCES, mkdir '/usr/local/lib/node_modules/jade']
165 error   errno: 3,
165 error   code: 'EACCES',
165 error   path: '/usr/local/lib/node_modules/jade',
165 error   fstream_type: 'Directory',
165 error   fstream_path: '/usr/local/lib/node_modules/jade',
165 error   fstream_class: 'DirWriter',
165 error   fstream_stack:
165 error    [ '/usr/lib/nodejs/fstream/lib/dir-writer.js:36:23',
165 error      '/usr/lib/nodejs/mkdirp/index.js:37:53',
165 error      'Object.oncomplete (fs.js:107:15)' ] }
166 error Please try running this command again as root/Administrator.
167 error System Linux 3.11-2-amd64
168 error command "/usr/bin/nodejs" "/usr/bin/npm" "install" "jade" "--global"
169 error cwd /home/mike/dev/shiatsu
170 error node -v v0.10.21
171 error npm -v 1.3.10
172 error path /usr/local/lib/node_modules/jade
173 error fstream_path /usr/local/lib/node_modules/jade
174 error fstream_type Directory
175 error fstream_class DirWriter
176 error code EACCES
177 error errno 3
178 error stack Error: EACCES, mkdir '/usr/local/lib/node_modules/jade'
179 error fstream_stack /usr/lib/nodejs/fstream/lib/dir-writer.js:36:23
179 error fstream_stack /usr/lib/nodejs/mkdirp/index.js:37:53
179 error fstream_stack Object.oncomplete (fs.js:107:15)
180 verbose exit [ 3, true ]
